1775769411324	geckodriver	INFO	Listening on 127.0.0.1:55694
1775769414447	mozrunner::runner	INFO	Running command: "C:\\Program Files\\Mozilla Firefox\\firefox.exe" "--marionette" "--remote-debugging-port" "55695" "--remote-allow-hosts" "localhost" "-no-remote" "-profile" "C:\\Users\\ROBERT~1\\AppData\\Local\\Temp\\rust_mozprofileTeQ86E"
Dynamically enable window occlusion 0
1775769414885	Marionette	INFO	Marionette enabled
1775769415008	Marionette	INFO	Listening on port 55702
WebDriver BiDi listening on ws://127.0.0.1:55695
Read port: 55702
1775769415198	RemoteAgent	WARN	TLS certificate errors will be ignored for this session
1775769418988	Marionette	INFO	Stopped listening on port 55702
JavaScript error: resource://gre/modules/PrivateBrowsingUtils.sys.mjs, line 19: TypeError: can't access property "isChromeWindow", aWindow is null
Dynamically enable window occlusion 1
console.error: services.settings: 
  main/nimbus-desktop-experiments: Signature of bundled changeset is invalid: TypeError: NetworkError: Network request failed.
console.warn: TopSitesFeed: Failed to fetch data from MARS server: NetworkError when attempting to fetch resource.
console.error: services.settings: 
  main/tracking-protection-lists: Signature of bundled changeset is invalid: [Exception... "<no message>"  nsresult: "0x8046001e (<unknown>)"  location: "JS frame :: resource://gre/modules/ServiceRequest.sys.mjs :: open :: line 126"  data: no].
console.error: services.settings: 
  main/url-classifier-exceptions: Signature of bundled changeset is invalid: [Exception... "<no message>"  nsresult: "0x8046001e (<unknown>)"  location: "JS frame :: resource://gre/modules/ServiceRequest.sys.mjs :: open :: line 126"  data: no].
console.error: services.settings: 
  main/nimbus-secure-experiments: Signature of bundled changeset is invalid: [Exception... "<no message>"  nsresult: "0x8046001e (<unknown>)"  location: "JS frame :: resource://gre/modules/ServiceRequest.sys.mjs :: open :: line 126"  data: no].
console.error: services.settings: 
  main/message-groups: Signature of bundled changeset is invalid: [Exception... "<no message>"  nsresult: "0x8046001e (<unknown>)"  location: "JS frame :: resource://gre/modules/ServiceRequest.sys.mjs :: open :: line 126"  data: no].
console.error: services.settings: 
  main/fingerprinting-protection-overrides: Signature of bundled changeset is invalid: [Exception... "<no message>"  nsresult: "0x8046001e (<unknown>)"  location: "JS frame :: resource://gre/modules/ServiceRequest.sys.mjs :: open :: line 126"  data: no].
console.error: services.settings: 
  main/remote-permissions: Signature of bundled changeset is invalid: [Exception... "<no message>"  nsresult: "0x8046001e (<unknown>)"  location: "JS frame :: resource://gre/modules/ServiceRequest.sys.mjs :: open :: line 126"  data: no].
console.error: services.settings: 
  main/doh-providers: Signature of bundled changeset is invalid: [Exception... "<no message>"  nsresult: "0x8046001e (<unknown>)"  location: "JS frame :: resource://gre/modules/ServiceRequest.sys.mjs :: open :: line 126"  data: no].
console.error: services.settings: 
  main/newtab-wallpapers-v2: Signature of bundled changeset is invalid: [Exception... "<no message>"  nsresult: "0x8046001e (<unknown>)"  location: "JS frame :: resource://gre/modules/ServiceRequest.sys.mjs :: open :: line 126"  data: no].
console.error: services.settings: 
  main/doh-config: Signature of bundled changeset is invalid: [Exception... "<no message>"  nsresult: "0x8046001e (<unknown>)"  location: "JS frame :: resource://gre/modules/ServiceRequest.sys.mjs :: open :: line 126"  data: no].
console.error: services.settings: 
  main/partitioning-exempt-urls: Signature of bundled changeset is invalid: [Exception... "<no message>"  nsresult: "0x8046001e (<unknown>)"  location: "JS frame :: resource://gre/modules/ServiceRequest.sys.mjs :: open :: line 126"  data: no].
console.error: services.settings: 
  main/cfr: Signature of bundled changeset is invalid: [Exception... "<no message>"  nsresult: "0x8046001e (<unknown>)"  location: "JS frame :: resource://gre/modules/ServiceRequest.sys.mjs :: open :: line 126"  data: no].
console.error: services.settings: 
  main/normandy-recipes-capabilities: Signature of bundled changeset is invalid: [Exception... "<no message>"  nsresult: "0x8046001e (<unknown>)"  location: "JS frame :: resource://gre/modules/ServiceRequest.sys.mjs :: open :: line 126"  data: no].
console.error: services.settings: 
  main/search-categorization: Signature of bundled changeset is invalid: [Exception... "<no message>"  nsresult: "0x8046001e (<unknown>)"  location: "JS frame :: resource://gre/modules/ServiceRequest.sys.mjs :: open :: line 126"  data: no].
console.error: services.settings: 
  main/third-party-cookie-blocking-exempt-urls: Signature of bundled changeset is invalid: [Exception... "<no message>"  nsresult: "0x8046001e (<unknown>)"  location: "JS frame :: resource://gre/modules/ServiceRequest.sys.mjs :: open :: line 126"  data: no].
console.error: services.settings: 
  main/query-stripping: Signature of bundled changeset is invalid: [Exception... "<no message>"  nsresult: "0x8046001e (<unknown>)"  location: "JS frame :: resource://gre/modules/ServiceRequest.sys.mjs :: open :: line 126"  data: no].
console.error: services.settings: 
Object
  - prototype Object
    - columnNumber = 11
    - data = null
    - filename = resource://gre/modules/ServiceRequest.sys.mjs
    - lineNumber = 126
    - location = {"name":"open","filename":"resource://gre/modules/ServiceRequest.sys.mjs","sourceId":27,"lineNumber":126,"columnNumber":11,"asyncCause":null,"asyncCaller":null,"caller":{"filename":"resource://services-settings/Utils.sys.mjs","name":"fetch/<","sourceId":26,"lineNumber":284,"columnNumber":15,"asyncCause":null,"asyncCaller":null,"caller":{"filename":"resource://services-settings/Utils.sys.mjs","name":"fetch","sourceId":26,"lineNumber":235,"columnNumber":12,"asyncCause":null,"asyncCaller":null,"caller":{"filename":"resource://services-settings/Utils.sys.mjs","name":"fetchLatestChanges","sourceId":26,"lineNumber":446,"columnNumber":34,"asyncCause":null,"asyncCaller":null,"caller":{"filename":"resource://services-settings/RemoteSettingsClient.sys.mjs","name":"sync","sourceId":24,"lineNumber":658,"columnNumber":42,"asyncCause":null,"asyncCaller":null,"caller":{"filename":"resource://services-settings/RemoteSettingsClient.sys.mjs","name":"get/this._importingPromise<","sourceId":24,"lineNumber":496,"columnNumber":28,"asyncCause":null,"asyncCaller":null,"caller":{"filename":"resource://gre/modules/AsyncShutdown.sys.mjs","name":"observe","sourceId":17,"lineNumber":587,"columnNumber":17,"asyncCause":null,"asyncCaller":null,"caller":null,"formattedStack":"observe@resource://gre/modules/AsyncShutdown.sys.mjs:587:17\n","nativeSavedFrame":{}},"formattedStack":"get/this._importingPromise<@resource://services-settings/RemoteSettingsClient.sys.mjs:496:28\nobserve@resource://gre/modules/AsyncShutdown.sys.mjs:587:17\n","nativeSavedFrame":{}},"formattedStack":"sync@resource://services-settings/RemoteSettingsClient.sys.mjs:658:42\nget/this._importingPromise<@resource://services-settings/RemoteSettingsClient.sys.mjs:496:28\nobserve@resource://gre/modules/AsyncShutdown.sys.mjs:587:17\n","nativeSavedFrame":{}},"formattedStack":"fetchLatestChanges@resource://services-settings/Utils.sys.mjs:446:34\nsync@resource://services-settings/RemoteSettingsClient.sys.mjs:658:42\nget/this._importingPromise<@resource://services-settings/RemoteSettingsClient.sys.mjs:496:28\nobserve@resource://gre/modules/AsyncShutdown.sys.mjs:587:17\n","nativeSavedFrame":{}},"formattedStack":"fetch@resource://services-settings/Utils.sys.mjs:235:12\nfetchLatestChanges@resource://services-settings/Utils.sys.mjs:446:34\nsync@resource://services-settings/RemoteSettingsClient.sys.mjs:658:42\nget/this._importingPromise<@resource://services-settings/RemoteSettingsClient.sys.mjs:496:28\nobserve@resource://gre/modules/AsyncShutdown.sys.mjs:587:17\n","nativeSavedFrame":{}},"formattedStack":"fetch/<@resource://services-settings/Utils.sys.mjs:284:15\nfetch@resource://services-settings/Utils.sys.mjs:235:12\nfetchLatestChanges@resource://services-settings/Utils.sys.mjs:446:34\nsync@resource://services-settings/RemoteSettingsClient.sys.mjs:658:42\nget/this._importingPromise<@resource://services-settings/RemoteSettingsClient.sys.mjs:496:28\nobserve@resource://gre/modules/AsyncShutdown.sys.mjs:587:17\n","nativeSavedFrame":{}},"formattedStack":"open@resource://gre/modules/ServiceRequest.sys.mjs:126:11\nfetch/<@resource://services-settings/Utils.sys.mjs:284:15\nfetch@resource://services-settings/Utils.sys.mjs:235:12\nfetchLatestChanges@resource://services-settings/Utils.sys.mjs:446:34\nsync@resource://services-settings/RemoteSettingsClient.sys.mjs:658:42\nget/this._importingPromise<@resource://services-settings/RemoteSettingsClient.sys.mjs:496:28\nobserve@resource://gre/modules/AsyncShutdown.sys.mjs:587:17\n","nativeSavedFrame":{}}
    - message = 
    - name = 
    - result = 2152071198
    - stack = open@resource://gre/modules/ServiceRequest.sys.mjs:126:11|fetch/<@resource://services-settings/Utils.sys.mjs:284:15|fetch@resource://services-settings/Utils.sys.mjs:235:12|fetchLatestChanges@resource://services-settings/Utils.sys.mjs:446:34|sync@resource://services-settings/RemoteSettingsClient.sys.mjs:658:42|get/this._importingPromise<@resource://services-settings/RemoteSettingsClient.sys.mjs:496:28|observe@resource://gre/modules/AsyncShutdown.sys.mjs:587:17|
  - prototype Object
console.error: services.settings: 
Object
  - prototype Object
    - columnNumber = 11
    - data = null
    - filename = resource://gre/modules/ServiceRequest.sys.mjs
    - lineNumber = 126
    - location = {"name":"open","filename":"resource://gre/modules/ServiceRequest.sys.mjs","sourceId":27,"lineNumber":126,"columnNumber":11,"asyncCause":null,"asyncCaller":null,"caller":{"filename":"resource://services-settings/Utils.sys.mjs","name":"fetch/<","sourceId":26,"lineNumber":284,"columnNumber":15,"asyncCause":null,"asyncCaller":null,"caller":{"filename":"resource://services-settings/Utils.sys.mjs","name":"fetch","sourceId":26,"lineNumber":235,"columnNumber":12,"asyncCause":null,"asyncCaller":null,"caller":{"filename":"resource://services-settings/Utils.sys.mjs","name":"fetchLatestChanges","sourceId":26,"lineNumber":446,"columnNumber":34,"asyncCause":null,"asyncCaller":null,"caller":{"filename":"resource://services-settings/RemoteSettingsClient.sys.mjs","name":"sync","sourceId":24,"lineNumber":658,"columnNumber":42,"asyncCause":null,"asyncCaller":null,"caller":{"filename":"resource://services-settings/RemoteSettingsClient.sys.mjs","name":"get/this._importingPromise<","sourceId":24,"lineNumber":496,"columnNumber":28,"asyncCause":null,"asyncCaller":null,"caller":{"filename":"resource://gre/modules/AsyncShutdown.sys.mjs","name":"observe","sourceId":17,"lineNumber":587,"columnNumber":17,"asyncCause":null,"asyncCaller":null,"caller":null,"formattedStack":"observe@resource://gre/modules/AsyncShutdown.sys.mjs:587:17\n","nativeSavedFrame":{}},"formattedStack":"get/this._importingPromise<@resource://services-settings/RemoteSettingsClient.sys.mjs:496:28\nobserve@resource://gre/modules/AsyncShutdown.sys.mjs:587:17\n","nativeSavedFrame":{}},"formattedStack":"sync@resource://services-settings/RemoteSettingsClient.sys.mjs:658:42\nget/this._importingPromise<@resource://services-settings/RemoteSettingsClient.sys.mjs:496:28\nobserve@resource://gre/modules/AsyncShutdown.sys.mjs:587:17\n","nativeSavedFrame":{}},"formattedStack":"fetchLatestChanges@resource://services-settings/Utils.sys.mjs:446:34\nsync@resource://services-settings/RemoteSettingsClient.sys.mjs:658:42\nget/this._importingPromise<@resource://services-settings/RemoteSettingsClient.sys.mjs:496:28\nobserve@resource://gre/modules/AsyncShutdown.sys.mjs:587:17\n","nativeSavedFrame":{}},"formattedStack":"fetch@resource://services-settings/Utils.sys.mjs:235:12\nfetchLatestChanges@resource://services-settings/Utils.sys.mjs:446:34\nsync@resource://services-settings/RemoteSettingsClient.sys.mjs:658:42\nget/this._importingPromise<@resource://services-settings/RemoteSettingsClient.sys.mjs:496:28\nobserve@resource://gre/modules/AsyncShutdown.sys.mjs:587:17\n","nativeSavedFrame":{}},"formattedStack":"fetch/<@resource://services-settings/Utils.sys.mjs:284:15\nfetch@resource://services-settings/Utils.sys.mjs:235:12\nfetchLatestChanges@resource://services-settings/Utils.sys.mjs:446:34\nsync@resource://services-settings/RemoteSettingsClient.sys.mjs:658:42\nget/this._importingPromise<@resource://services-settings/RemoteSettingsClient.sys.mjs:496:28\nobserve@resource://gre/modules/AsyncShutdown.sys.mjs:587:17\n","nativeSavedFrame":{}},"formattedStack":"open@resource://gre/modules/ServiceRequest.sys.mjs:126:11\nfetch/<@resource://services-settings/Utils.sys.mjs:284:15\nfetch@resource://services-settings/Utils.sys.mjs:235:12\nfetchLatestChanges@resource://services-settings/Utils.sys.mjs:446:34\nsync@resource://services-settings/RemoteSettingsClient.sys.mjs:658:42\nget/this._importingPromise<@resource://services-settings/RemoteSettingsClient.sys.mjs:496:28\nobserve@resource://gre/modules/AsyncShutdown.sys.mjs:587:17\n","nativeSavedFrame":{}}
    - message = 
    - name = 
    - result = 2152071198
    - stack = open@resource://gre/modules/ServiceRequest.sys.mjs:126:11|fetch/<@resource://services-settings/Utils.sys.mjs:284:15|fetch@resource://services-settings/Utils.sys.mjs:235:12|fetchLatestChanges@resource://services-settings/Utils.sys.mjs:446:34|sync@resource://services-settings/RemoteSettingsClient.sys.mjs:658:42|get/this._importingPromise<@resource://services-settings/RemoteSettingsClient.sys.mjs:496:28|observe@resource://gre/modules/AsyncShutdown.sys.mjs:587:17|
  - prototype Object
console.error: services.settings: 
Object
  - prototype Object
    - columnNumber = 11
    - data = null
    - filename = resource://gre/modules/ServiceRequest.sys.mjs
    - lineNumber = 126
    - location = {"name":"open","filename":"resource://gre/modules/ServiceRequest.sys.mjs","sourceId":27,"lineNumber":126,"columnNumber":11,"asyncCause":null,"asyncCaller":null,"caller":{"filename":"resource://services-settings/Utils.sys.mjs","name":"fetch/<","sourceId":26,"lineNumber":284,"columnNumber":15,"asyncCause":null,"asyncCaller":null,"caller":{"filename":"resource://services-settings/Utils.sys.mjs","name":"fetch","sourceId":26,"lineNumber":235,"columnNumber":12,"asyncCause":null,"asyncCaller":null,"caller":{"filename":"resource://services-settings/Utils.sys.mjs","name":"fetchLatestChanges","sourceId":26,"lineNumber":446,"columnNumber":34,"asyncCause":null,"asyncCaller":null,"caller":{"filename":"resource://services-settings/RemoteSettingsClient.sys.mjs","name":"sync","sourceId":24,"lineNumber":658,"columnNumber":42,"asyncCause":null,"asyncCaller":null,"caller":{"filename":"resource://services-settings/RemoteSettingsClient.sys.mjs","name":"get/this._importingPromise<","sourceId":24,"lineNumber":496,"columnNumber":28,"asyncCause":null,"asyncCaller":null,"caller":{"filename":"resource://gre/modules/AsyncShutdown.sys.mjs","name":"observe","sourceId":17,"lineNumber":587,"columnNumber":17,"asyncCause":null,"asyncCaller":null,"caller":null,"formattedStack":"observe@resource://gre/modules/AsyncShutdown.sys.mjs:587:17\n","nativeSavedFrame":{}},"formattedStack":"get/this._importingPromise<@resource://services-settings/RemoteSettingsClient.sys.mjs:496:28\nobserve@resource://gre/modules/AsyncShutdown.sys.mjs:587:17\n","nativeSavedFrame":{}},"formattedStack":"sync@resource://services-settings/RemoteSettingsClient.sys.mjs:658:42\nget/this._importingPromise<@resource://services-settings/RemoteSettingsClient.sys.mjs:496:28\nobserve@resource://gre/modules/AsyncShutdown.sys.mjs:587:17\n","nativeSavedFrame":{}},"formattedStack":"fetchLatestChanges@resource://services-settings/Utils.sys.mjs:446:34\nsync@resource://services-settings/RemoteSettingsClient.sys.mjs:658:42\nget/this._importingPromise<@resource://services-settings/RemoteSettingsClient.sys.mjs:496:28\nobserve@resource://gre/modules/AsyncShutdown.sys.mjs:587:17\n","nativeSavedFrame":{}},"formattedStack":"fetch@resource://services-settings/Utils.sys.mjs:235:12\nfetchLatestChanges@resource://services-settings/Utils.sys.mjs:446:34\nsync@resource://services-settings/RemoteSettingsClient.sys.mjs:658:42\nget/this._importingPromise<@resource://services-settings/RemoteSettingsClient.sys.mjs:496:28\nobserve@resource://gre/modules/AsyncShutdown.sys.mjs:587:17\n","nativeSavedFrame":{}},"formattedStack":"fetch/<@resource://services-settings/Utils.sys.mjs:284:15\nfetch@resource://services-settings/Utils.sys.mjs:235:12\nfetchLatestChanges@resource://services-settings/Utils.sys.mjs:446:34\nsync@resource://services-settings/RemoteSettingsClient.sys.mjs:658:42\nget/this._importingPromise<@resource://services-settings/RemoteSettingsClient.sys.mjs:496:28\nobserve@resource://gre/modules/AsyncShutdown.sys.mjs:587:17\n","nativeSavedFrame":{}},"formattedStack":"open@resource://gre/modules/ServiceRequest.sys.mjs:126:11\nfetch/<@resource://services-settings/Utils.sys.mjs:284:15\nfetch@resource://services-settings/Utils.sys.mjs:235:12\nfetchLatestChanges@resource://services-settings/Utils.sys.mjs:446:34\nsync@resource://services-settings/RemoteSettingsClient.sys.mjs:658:42\nget/this._importingPromise<@resource://services-settings/RemoteSettingsClient.sys.mjs:496:28\nobserve@resource://gre/modules/AsyncShutdown.sys.mjs:587:17\n","nativeSavedFrame":{}}
    - message = 
    - name = 
    - result = 2152071198
    - stack = open@resource://gre/modules/ServiceRequest.sys.mjs:126:11|fetch/<@resource://services-settings/Utils.sys.mjs:284:15|fetch@resource://services-settings/Utils.sys.mjs:235:12|fetchLatestChanges@resource://services-settings/Utils.sys.mjs:446:34|sync@resource://services-settings/RemoteSettingsClient.sys.mjs:658:42|get/this._importingPromise<@resource://services-settings/RemoteSettingsClient.sys.mjs:496:28|observe@resource://gre/modules/AsyncShutdown.sys.mjs:587:17|
  - prototype Object
console.error: services.settings: 
Object
  - prototype Object
    - columnNumber = 11
    - data = null
    - filename = resource://gre/modules/ServiceRequest.sys.mjs
    - lineNumber = 126
    - location = {"name":"open","filename":"resource://gre/modules/ServiceRequest.sys.mjs","sourceId":27,"lineNumber":126,"columnNumber":11,"asyncCause":null,"asyncCaller":null,"caller":{"filename":"resource://services-settings/Utils.sys.mjs","name":"fetch/<","sourceId":26,"lineNumber":284,"columnNumber":15,"asyncCause":null,"asyncCaller":null,"caller":{"filename":"resource://services-settings/Utils.sys.mjs","name":"fetch","sourceId":26,"lineNumber":235,"columnNumber":12,"asyncCause":null,"asyncCaller":null,"caller":{"filename":"resource://services-settings/Utils.sys.mjs","name":"fetchLatestChanges","sourceId":26,"lineNumber":446,"columnNumber":34,"asyncCause":null,"asyncCaller":null,"caller":{"filename":"resource://services-settings/RemoteSettingsClient.sys.mjs","name":"sync","sourceId":24,"lineNumber":658,"columnNumber":42,"asyncCause":null,"asyncCaller":null,"caller":{"filename":"resource://services-settings/RemoteSettingsClient.sys.mjs","name":"get/this._importingPromise<","sourceId":24,"lineNumber":496,"columnNumber":28,"asyncCause":null,"asyncCaller":null,"caller":{"filename":"resource://gre/modules/AsyncShutdown.sys.mjs","name":"observe","sourceId":17,"lineNumber":587,"columnNumber":17,"asyncCause":null,"asyncCaller":null,"caller":null,"formattedStack":"observe@resource://gre/modules/AsyncShutdown.sys.mjs:587:17\n","nativeSavedFrame":{}},"formattedStack":"get/this._importingPromise<@resource://services-settings/RemoteSettingsClient.sys.mjs:496:28\nobserve@resource://gre/modules/AsyncShutdown.sys.mjs:587:17\n","nativeSavedFrame":{}},"formattedStack":"sync@resource://services-settings/RemoteSettingsClient.sys.mjs:658:42\nget/this._importingPromise<@resource://services-settings/RemoteSettingsClient.sys.mjs:496:28\nobserve@resource://gre/modules/AsyncShutdown.sys.mjs:587:17\n","nativeSavedFrame":{}},"formattedStack":"fetchLatestChanges@resource://services-settings/Utils.sys.mjs:446:34\nsync@resource://services-settings/RemoteSettingsClient.sys.mjs:658:42\nget/this._importingPromise<@resource://services-settings/RemoteSettingsClient.sys.mjs:496:28\nobserve@resource://gre/modules/AsyncShutdown.sys.mjs:587:17\n","nativeSavedFrame":{}},"formattedStack":"fetch@resource://services-settings/Utils.sys.mjs:235:12\nfetchLatestChanges@resource://services-settings/Utils.sys.mjs:446:34\nsync@resource://services-settings/RemoteSettingsClient.sys.mjs:658:42\nget/this._importingPromise<@resource://services-settings/RemoteSettingsClient.sys.mjs:496:28\nobserve@resource://gre/modules/AsyncShutdown.sys.mjs:587:17\n","nativeSavedFrame":{}},"formattedStack":"fetch/<@resource://services-settings/Utils.sys.mjs:284:15\nfetch@resource://services-settings/Utils.sys.mjs:235:12\nfetchLatestChanges@resource://services-settings/Utils.sys.mjs:446:34\nsync@resource://services-settings/RemoteSettingsClient.sys.mjs:658:42\nget/this._importingPromise<@resource://services-settings/RemoteSettingsClient.sys.mjs:496:28\nobserve@resource://gre/modules/AsyncShutdown.sys.mjs:587:17\n","nativeSavedFrame":{}},"formattedStack":"open@resource://gre/modules/ServiceRequest.sys.mjs:126:11\nfetch/<@resource://services-settings/Utils.sys.mjs:284:15\nfetch@resource://services-settings/Utils.sys.mjs:235:12\nfetchLatestChanges@resource://services-settings/Utils.sys.mjs:446:34\nsync@resource://services-settings/RemoteSettingsClient.sys.mjs:658:42\nget/this._importingPromise<@resource://services-settings/RemoteSettingsClient.sys.mjs:496:28\nobserve@resource://gre/modules/AsyncShutdown.sys.mjs:587:17\n","nativeSavedFrame":{}}
    - message = 
    - name = 
    - result = 2152071198
    - stack = open@resource://gre/modules/ServiceRequest.sys.mjs:126:11|fetch/<@resource://services-settings/Utils.sys.mjs:284:15|fetch@resource://services-settings/Utils.sys.mjs:235:12|fetchLatestChanges@resource://services-settings/Utils.sys.mjs:446:34|sync@resource://services-settings/RemoteSettingsClient.sys.mjs:658:42|get/this._importingPromise<@resource://services-settings/RemoteSettingsClient.sys.mjs:496:28|observe@resource://gre/modules/AsyncShutdown.sys.mjs:587:17|
  - prototype Object
console.error: services.settings: 
Object
  - prototype Object
    - columnNumber = 11
    - data = null
    - filename = resource://gre/modules/ServiceRequest.sys.mjs
    - lineNumber = 126
    - location = {"name":"open","filename":"resource://gre/modules/ServiceRequest.sys.mjs","sourceId":27,"lineNumber":126,"columnNumber":11,"asyncCause":null,"asyncCaller":null,"caller":{"filename":"resource://services-settings/Utils.sys.mjs","name":"fetch/<","sourceId":26,"lineNumber":284,"columnNumber":15,"asyncCause":null,"asyncCaller":null,"caller":{"filename":"resource://services-settings/Utils.sys.mjs","name":"fetch","sourceId":26,"lineNumber":235,"columnNumber":12,"asyncCause":null,"asyncCaller":null,"caller":{"filename":"resource://services-settings/Utils.sys.mjs","name":"fetchLatestChanges","sourceId":26,"lineNumber":446,"columnNumber":34,"asyncCause":null,"asyncCaller":null,"caller":{"filename":"resource://services-settings/RemoteSettingsClient.sys.mjs","name":"sync","sourceId":24,"lineNumber":658,"columnNumber":42,"asyncCause":null,"asyncCaller":null,"caller":{"filename":"resource://services-settings/RemoteSettingsClient.sys.mjs","name":"get/this._importingPromise<","sourceId":24,"lineNumber":496,"columnNumber":28,"asyncCause":null,"asyncCaller":null,"caller":{"filename":"resource://gre/modules/AsyncShutdown.sys.mjs","name":"observe","sourceId":17,"lineNumber":587,"columnNumber":17,"asyncCause":null,"asyncCaller":null,"caller":null,"formattedStack":"observe@resource://gre/modules/AsyncShutdown.sys.mjs:587:17\n","nativeSavedFrame":{}},"formattedStack":"get/this._importingPromise<@resource://services-settings/RemoteSettingsClient.sys.mjs:496:28\nobserve@resource://gre/modules/AsyncShutdown.sys.mjs:587:17\n","nativeSavedFrame":{}},"formattedStack":"sync@resource://services-settings/RemoteSettingsClient.sys.mjs:658:42\nget/this._importingPromise<@resource://services-settings/RemoteSettingsClient.sys.mjs:496:28\nobserve@resource://gre/modules/AsyncShutdown.sys.mjs:587:17\n","nativeSavedFrame":{}},"formattedStack":"fetchLatestChanges@resource://services-settings/Utils.sys.mjs:446:34\nsync@resource://services-settings/RemoteSettingsClient.sys.mjs:658:42\nget/this._importingPromise<@resource://services-settings/RemoteSettingsClient.sys.mjs:496:28\nobserve@resource://gre/modules/AsyncShutdown.sys.mjs:587:17\n","nativeSavedFrame":{}},"formattedStack":"fetch@resource://services-settings/Utils.sys.mjs:235:12\nfetchLatestChanges@resource://services-settings/Utils.sys.mjs:446:34\nsync@resource://services-settings/RemoteSettingsClient.sys.mjs:658:42\nget/this._importingPromise<@resource://services-settings/RemoteSettingsClient.sys.mjs:496:28\nobserve@resource://gre/modules/AsyncShutdown.sys.mjs:587:17\n","nativeSavedFrame":{}},"formattedStack":"fetch/<@resource://services-settings/Utils.sys.mjs:284:15\nfetch@resource://services-settings/Utils.sys.mjs:235:12\nfetchLatestChanges@resource://services-settings/Utils.sys.mjs:446:34\nsync@resource://services-settings/RemoteSettingsClient.sys.mjs:658:42\nget/this._importingPromise<@resource://services-settings/RemoteSettingsClient.sys.mjs:496:28\nobserve@resource://gre/modules/AsyncShutdown.sys.mjs:587:17\n","nativeSavedFrame":{}},"formattedStack":"open@resource://gre/modules/ServiceRequest.sys.mjs:126:11\nfetch/<@resource://services-settings/Utils.sys.mjs:284:15\nfetch@resource://services-settings/Utils.sys.mjs:235:12\nfetchLatestChanges@resource://services-settings/Utils.sys.mjs:446:34\nsync@resource://services-settings/RemoteSettingsClient.sys.mjs:658:42\nget/this._importingPromise<@resource://services-settings/RemoteSettingsClient.sys.mjs:496:28\nobserve@resource://gre/modules/AsyncShutdown.sys.mjs:587:17\n","nativeSavedFrame":{}}
    - message = 
    - name = 
    - result = 2152071198
    - stack = open@resource://gre/modules/ServiceRequest.sys.mjs:126:11|fetch/<@resource://services-settings/Utils.sys.mjs:284:15|fetch@resource://services-settings/Utils.sys.mjs:235:12|fetchLatestChanges@resource://services-settings/Utils.sys.mjs:446:34|sync@resource://services-settings/RemoteSettingsClient.sys.mjs:658:42|get/this._importingPromise<@resource://services-settings/RemoteSettingsClient.sys.mjs:496:28|observe@resource://gre/modules/AsyncShutdown.sys.mjs:587:17|
  - prototype Object
console.error: services.settings: 
Object
  - prototype Object
    - columnNumber = 11
    - data = null
    - filename = resource://gre/modules/ServiceRequest.sys.mjs
    - lineNumber = 126
    - location = {"name":"open","filename":"resource://gre/modules/ServiceRequest.sys.mjs","sourceId":27,"lineNumber":126,"columnNumber":11,"asyncCause":null,"asyncCaller":null,"caller":{"filename":"resource://services-settings/Utils.sys.mjs","name":"fetch/<","sourceId":26,"lineNumber":284,"columnNumber":15,"asyncCause":null,"asyncCaller":null,"caller":{"filename":"resource://services-settings/Utils.sys.mjs","name":"fetch","sourceId":26,"lineNumber":235,"columnNumber":12,"asyncCause":null,"asyncCaller":null,"caller":{"filename":"resource://services-settings/Utils.sys.mjs","name":"fetchLatestChanges","sourceId":26,"lineNumber":446,"columnNumber":34,"asyncCause":null,"asyncCaller":null,"caller":{"filename":"resource://services-settings/RemoteSettingsClient.sys.mjs","name":"sync","sourceId":24,"lineNumber":658,"columnNumber":42,"asyncCause":null,"asyncCaller":null,"caller":{"filename":"resource://services-settings/RemoteSettingsClient.sys.mjs","name":"get/this._importingPromise<","sourceId":24,"lineNumber":496,"columnNumber":28,"asyncCause":null,"asyncCaller":null,"caller":{"filename":"resource://gre/modules/AsyncShutdown.sys.mjs","name":"observe","sourceId":17,"lineNumber":587,"columnNumber":17,"asyncCause":null,"asyncCaller":null,"caller":null,"formattedStack":"observe@resource://gre/modules/AsyncShutdown.sys.mjs:587:17\n","nativeSavedFrame":{}},"formattedStack":"get/this._importingPromise<@resource://services-settings/RemoteSettingsClient.sys.mjs:496:28\nobserve@resource://gre/modules/AsyncShutdown.sys.mjs:587:17\n","nativeSavedFrame":{}},"formattedStack":"sync@resource://services-settings/RemoteSettingsClient.sys.mjs:658:42\nget/this._importingPromise<@resource://services-settings/RemoteSettingsClient.sys.mjs:496:28\nobserve@resource://gre/modules/AsyncShutdown.sys.mjs:587:17\n","nativeSavedFrame":{}},"formattedStack":"fetchLatestChanges@resource://services-settings/Utils.sys.mjs:446:34\nsync@resource://services-settings/RemoteSettingsClient.sys.mjs:658:42\nget/this._importingPromise<@resource://services-settings/RemoteSettingsClient.sys.mjs:496:28\nobserve@resource://gre/modules/AsyncShutdown.sys.mjs:587:17\n","nativeSavedFrame":{}},"formattedStack":"fetch@resource://services-settings/Utils.sys.mjs:235:12\nfetchLatestChanges@resource://services-settings/Utils.sys.mjs:446:34\nsync@resource://services-settings/RemoteSettingsClient.sys.mjs:658:42\nget/this._importingPromise<@resource://services-settings/RemoteSettingsClient.sys.mjs:496:28\nobserve@resource://gre/modules/AsyncShutdown.sys.mjs:587:17\n","nativeSavedFrame":{}},"formattedStack":"fetch/<@resource://services-settings/Utils.sys.mjs:284:15\nfetch@resource://services-settings/Utils.sys.mjs:235:12\nfetchLatestChanges@resource://services-settings/Utils.sys.mjs:446:34\nsync@resource://services-settings/RemoteSettingsClient.sys.mjs:658:42\nget/this._importingPromise<@resource://services-settings/RemoteSettingsClient.sys.mjs:496:28\nobserve@resource://gre/modules/AsyncShutdown.sys.mjs:587:17\n","nativeSavedFrame":{}},"formattedStack":"open@resource://gre/modules/ServiceRequest.sys.mjs:126:11\nfetch/<@resource://services-settings/Utils.sys.mjs:284:15\nfetch@resource://services-settings/Utils.sys.mjs:235:12\nfetchLatestChanges@resource://services-settings/Utils.sys.mjs:446:34\nsync@resource://services-settings/RemoteSettingsClient.sys.mjs:658:42\nget/this._importingPromise<@resource://services-settings/RemoteSettingsClient.sys.mjs:496:28\nobserve@resource://gre/modules/AsyncShutdown.sys.mjs:587:17\n","nativeSavedFrame":{}}
    - message = 
    - name = 
    - result = 2152071198
    - stack = open@resource://gre/modules/ServiceRequest.sys.mjs:126:11|fetch/<@resource://services-settings/Utils.sys.mjs:284:15|fetch@resource://services-settings/Utils.sys.mjs:235:12|fetchLatestChanges@resource://services-settings/Utils.sys.mjs:446:34|sync@resource://services-settings/RemoteSettingsClient.sys.mjs:658:42|get/this._importingPromise<@resource://services-settings/RemoteSettingsClient.sys.mjs:496:28|observe@resource://gre/modules/AsyncShutdown.sys.mjs:587:17|
  - prototype Object
console.error: services.settings: 
Object
  - prototype Object
    - columnNumber = 11
    - data = null
    - filename = resource://gre/modules/ServiceRequest.sys.mjs
    - lineNumber = 126
    - location = {"name":"open","filename":"resource://gre/modules/ServiceRequest.sys.mjs","sourceId":27,"lineNumber":126,"columnNumber":11,"asyncCause":null,"asyncCaller":null,"caller":{"filename":"resource://services-settings/Utils.sys.mjs","name":"fetch/<","sourceId":26,"lineNumber":284,"columnNumber":15,"asyncCause":null,"asyncCaller":null,"caller":{"filename":"resource://services-settings/Utils.sys.mjs","name":"fetch","sourceId":26,"lineNumber":235,"columnNumber":12,"asyncCause":null,"asyncCaller":null,"caller":{"filename":"resource://services-settings/Utils.sys.mjs","name":"fetchLatestChanges","sourceId":26,"lineNumber":446,"columnNumber":34,"asyncCause":null,"asyncCaller":null,"caller":{"filename":"resource://services-settings/RemoteSettingsClient.sys.mjs","name":"sync","sourceId":24,"lineNumber":658,"columnNumber":42,"asyncCause":null,"asyncCaller":null,"caller":{"filename":"resource://services-settings/RemoteSettingsClient.sys.mjs","name":"get/this._importingPromise<","sourceId":24,"lineNumber":496,"columnNumber":28,"asyncCause":null,"asyncCaller":null,"caller":{"filename":"resource://gre/modules/AsyncShutdown.sys.mjs","name":"observe","sourceId":17,"lineNumber":587,"columnNumber":17,"asyncCause":null,"asyncCaller":null,"caller":null,"formattedStack":"observe@resource://gre/modules/AsyncShutdown.sys.mjs:587:17\n","nativeSavedFrame":{}},"formattedStack":"get/this._importingPromise<@resource://services-settings/RemoteSettingsClient.sys.mjs:496:28\nobserve@resource://gre/modules/AsyncShutdown.sys.mjs:587:17\n","nativeSavedFrame":{}},"formattedStack":"sync@resource://services-settings/RemoteSettingsClient.sys.mjs:658:42\nget/this._importingPromise<@resource://services-settings/RemoteSettingsClient.sys.mjs:496:28\nobserve@resource://gre/modules/AsyncShutdown.sys.mjs:587:17\n","nativeSavedFrame":{}},"formattedStack":"fetchLatestChanges@resource://services-settings/Utils.sys.mjs:446:34\nsync@resource://services-settings/RemoteSettingsClient.sys.mjs:658:42\nget/this._importingPromise<@resource://services-settings/RemoteSettingsClient.sys.mjs:496:28\nobserve@resource://gre/modules/AsyncShutdown.sys.mjs:587:17\n","nativeSavedFrame":{}},"formattedStack":"fetch@resource://services-settings/Utils.sys.mjs:235:12\nfetchLatestChanges@resource://services-settings/Utils.sys.mjs:446:34\nsync@resource://services-settings/RemoteSettingsClient.sys.mjs:658:42\nget/this._importingPromise<@resource://services-settings/RemoteSettingsClient.sys.mjs:496:28\nobserve@resource://gre/modules/AsyncShutdown.sys.mjs:587:17\n","nativeSavedFrame":{}},"formattedStack":"fetch/<@resource://services-settings/Utils.sys.mjs:284:15\nfetch@resource://services-settings/Utils.sys.mjs:235:12\nfetchLatestChanges@resource://services-settings/Utils.sys.mjs:446:34\nsync@resource://services-settings/RemoteSettingsClient.sys.mjs:658:42\nget/this._importingPromise<@resource://services-settings/RemoteSettingsClient.sys.mjs:496:28\nobserve@resource://gre/modules/AsyncShutdown.sys.mjs:587:17\n","nativeSavedFrame":{}},"formattedStack":"open@resource://gre/modules/ServiceRequest.sys.mjs:126:11\nfetch/<@resource://services-settings/Utils.sys.mjs:284:15\nfetch@resource://services-settings/Utils.sys.mjs:235:12\nfetchLatestChanges@resource://services-settings/Utils.sys.mjs:446:34\nsync@resource://services-settings/RemoteSettingsClient.sys.mjs:658:42\nget/this._importingPromise<@resource://services-settings/RemoteSettingsClient.sys.mjs:496:28\nobserve@resource://gre/modules/AsyncShutdown.sys.mjs:587:17\n","nativeSavedFrame":{}}
    - message = 
    - name = 
    - result = 2152071198
    - stack = open@resource://gre/modules/ServiceRequest.sys.mjs:126:11|fetch/<@resource://services-settings/Utils.sys.mjs:284:15|fetch@resource://services-settings/Utils.sys.mjs:235:12|fetchLatestChanges@resource://services-settings/Utils.sys.mjs:446:34|sync@resource://services-settings/RemoteSettingsClient.sys.mjs:658:42|get/this._importingPromise<@resource://services-settings/RemoteSettingsClient.sys.mjs:496:28|observe@resource://gre/modules/AsyncShutdown.sys.mjs:587:17|
  - prototype Object
console.error: services.settings: 
Object
  - prototype Object
    - columnNumber = 11
    - data = null
    - filename = resource://gre/modules/ServiceRequest.sys.mjs
    - lineNumber = 126
    - location = {"name":"open","filename":"resource://gre/modules/ServiceRequest.sys.mjs","sourceId":27,"lineNumber":126,"columnNumber":11,"asyncCause":null,"asyncCaller":null,"caller":{"filename":"resource://services-settings/Utils.sys.mjs","name":"fetch/<","sourceId":26,"lineNumber":284,"columnNumber":15,"asyncCause":null,"asyncCaller":null,"caller":{"filename":"resource://services-settings/Utils.sys.mjs","name":"fetch","sourceId":26,"lineNumber":235,"columnNumber":12,"asyncCause":null,"asyncCaller":null,"caller":{"filename":"resource://services-settings/Utils.sys.mjs","name":"fetchLatestChanges","sourceId":26,"lineNumber":446,"columnNumber":34,"asyncCause":null,"asyncCaller":null,"caller":{"filename":"resource://services-settings/RemoteSettingsClient.sys.mjs","name":"sync","sourceId":24,"lineNumber":658,"columnNumber":42,"asyncCause":null,"asyncCaller":null,"caller":{"filename":"resource://services-settings/RemoteSettingsClient.sys.mjs","name":"get/this._importingPromise<","sourceId":24,"lineNumber":496,"columnNumber":28,"asyncCause":null,"asyncCaller":null,"caller":{"filename":"resource://gre/modules/AsyncShutdown.sys.mjs","name":"observe","sourceId":17,"lineNumber":587,"columnNumber":17,"asyncCause":null,"asyncCaller":null,"caller":null,"formattedStack":"observe@resource://gre/modules/AsyncShutdown.sys.mjs:587:17\n","nativeSavedFrame":{}},"formattedStack":"get/this._importingPromise<@resource://services-settings/RemoteSettingsClient.sys.mjs:496:28\nobserve@resource://gre/modules/AsyncShutdown.sys.mjs:587:17\n","nativeSavedFrame":{}},"formattedStack":"sync@resource://services-settings/RemoteSettingsClient.sys.mjs:658:42\nget/this._importingPromise<@resource://services-settings/RemoteSettingsClient.sys.mjs:496:28\nobserve@resource://gre/modules/AsyncShutdown.sys.mjs:587:17\n","nativeSavedFrame":{}},"formattedStack":"fetchLatestChanges@resource://services-settings/Utils.sys.mjs:446:34\nsync@resource://services-settings/RemoteSettingsClient.sys.mjs:658:42\nget/this._importingPromise<@resource://services-settings/RemoteSettingsClient.sys.mjs:496:28\nobserve@resource://gre/modules/AsyncShutdown.sys.mjs:587:17\n","nativeSavedFrame":{}},"formattedStack":"fetch@resource://services-settings/Utils.sys.mjs:235:12\nfetchLatestChanges@resource://services-settings/Utils.sys.mjs:446:34\nsync@resource://services-settings/RemoteSettingsClient.sys.mjs:658:42\nget/this._importingPromise<@resource://services-settings/RemoteSettingsClient.sys.mjs:496:28\nobserve@resource://gre/modules/AsyncShutdown.sys.mjs:587:17\n","nativeSavedFrame":{}},"formattedStack":"fetch/<@resource://services-settings/Utils.sys.mjs:284:15\nfetch@resource://services-settings/Utils.sys.mjs:235:12\nfetchLatestChanges@resource://services-settings/Utils.sys.mjs:446:34\nsync@resource://services-settings/RemoteSettingsClient.sys.mjs:658:42\nget/this._importingPromise<@resource://services-settings/RemoteSettingsClient.sys.mjs:496:28\nobserve@resource://gre/modules/AsyncShutdown.sys.mjs:587:17\n","nativeSavedFrame":{}},"formattedStack":"open@resource://gre/modules/ServiceRequest.sys.mjs:126:11\nfetch/<@resource://services-settings/Utils.sys.mjs:284:15\nfetch@resource://services-settings/Utils.sys.mjs:235:12\nfetchLatestChanges@resource://services-settings/Utils.sys.mjs:446:34\nsync@resource://services-settings/RemoteSettingsClient.sys.mjs:658:42\nget/this._importingPromise<@resource://services-settings/RemoteSettingsClient.sys.mjs:496:28\nobserve@resource://gre/modules/AsyncShutdown.sys.mjs:587:17\n","nativeSavedFrame":{}}
    - message = 
    - name = 
    - result = 2152071198
    - stack = open@resource://gre/modules/ServiceRequest.sys.mjs:126:11|fetch/<@resource://services-settings/Utils.sys.mjs:284:15|fetch@resource://services-settings/Utils.sys.mjs:235:12|fetchLatestChanges@resource://services-settings/Utils.sys.mjs:446:34|sync@resource://services-settings/RemoteSettingsClient.sys.mjs:658:42|get/this._importingPromise<@resource://services-settings/RemoteSettingsClient.sys.mjs:496:28|observe@resource://gre/modules/AsyncShutdown.sys.mjs:587:17|
  - prototype Object
console.error: services.settings: 
Object
  - prototype Object
    - columnNumber = 11
    - data = null
    - filename = resource://gre/modules/ServiceRequest.sys.mjs
    - lineNumber = 126
    - location = {"name":"open","filename":"resource://gre/modules/ServiceRequest.sys.mjs","sourceId":27,"lineNumber":126,"columnNumber":11,"asyncCause":null,"asyncCaller":null,"caller":{"filename":"resource://services-settings/Utils.sys.mjs","name":"fetch/<","sourceId":26,"lineNumber":284,"columnNumber":15,"asyncCause":null,"asyncCaller":null,"caller":{"filename":"resource://services-settings/Utils.sys.mjs","name":"fetch","sourceId":26,"lineNumber":235,"columnNumber":12,"asyncCause":null,"asyncCaller":null,"caller":{"filename":"resource://services-settings/Utils.sys.mjs","name":"fetchLatestChanges","sourceId":26,"lineNumber":446,"columnNumber":34,"asyncCause":null,"asyncCaller":null,"caller":{"filename":"resource://services-settings/RemoteSettingsClient.sys.mjs","name":"sync","sourceId":24,"lineNumber":658,"columnNumber":42,"asyncCause":null,"asyncCaller":null,"caller":{"filename":"resource://services-settings/RemoteSettingsClient.sys.mjs","name":"get/this._importingPromise<","sourceId":24,"lineNumber":496,"columnNumber":28,"asyncCause":null,"asyncCaller":null,"caller":{"filename":"resource://gre/modules/AsyncShutdown.sys.mjs","name":"observe","sourceId":17,"lineNumber":587,"columnNumber":17,"asyncCause":null,"asyncCaller":null,"caller":null,"formattedStack":"observe@resource://gre/modules/AsyncShutdown.sys.mjs:587:17\n","nativeSavedFrame":{}},"formattedStack":"get/this._importingPromise<@resource://services-settings/RemoteSettingsClient.sys.mjs:496:28\nobserve@resource://gre/modules/AsyncShutdown.sys.mjs:587:17\n","nativeSavedFrame":{}},"formattedStack":"sync@resource://services-settings/RemoteSettingsClient.sys.mjs:658:42\nget/this._importingPromise<@resource://services-settings/RemoteSettingsClient.sys.mjs:496:28\nobserve@resource://gre/modules/AsyncShutdown.sys.mjs:587:17\n","nativeSavedFrame":{}},"formattedStack":"fetchLatestChanges@resource://services-settings/Utils.sys.mjs:446:34\nsync@resource://services-settings/RemoteSettingsClient.sys.mjs:658:42\nget/this._importingPromise<@resource://services-settings/RemoteSettingsClient.sys.mjs:496:28\nobserve@resource://gre/modules/AsyncShutdown.sys.mjs:587:17\n","nativeSavedFrame":{}},"formattedStack":"fetch@resource://services-settings/Utils.sys.mjs:235:12\nfetchLatestChanges@resource://services-settings/Utils.sys.mjs:446:34\nsync@resource://services-settings/RemoteSettingsClient.sys.mjs:658:42\nget/this._importingPromise<@resource://services-settings/RemoteSettingsClient.sys.mjs:496:28\nobserve@resource://gre/modules/AsyncShutdown.sys.mjs:587:17\n","nativeSavedFrame":{}},"formattedStack":"fetch/<@resource://services-settings/Utils.sys.mjs:284:15\nfetch@resource://services-settings/Utils.sys.mjs:235:12\nfetchLatestChanges@resource://services-settings/Utils.sys.mjs:446:34\nsync@resource://services-settings/RemoteSettingsClient.sys.mjs:658:42\nget/this._importingPromise<@resource://services-settings/RemoteSettingsClient.sys.mjs:496:28\nobserve@resource://gre/modules/AsyncShutdown.sys.mjs:587:17\n","nativeSavedFrame":{}},"formattedStack":"open@resource://gre/modules/ServiceRequest.sys.mjs:126:11\nfetch/<@resource://services-settings/Utils.sys.mjs:284:15\nfetch@resource://services-settings/Utils.sys.mjs:235:12\nfetchLatestChanges@resource://services-settings/Utils.sys.mjs:446:34\nsync@resource://services-settings/RemoteSettingsClient.sys.mjs:658:42\nget/this._importingPromise<@resource://services-settings/RemoteSettingsClient.sys.mjs:496:28\nobserve@resource://gre/modules/AsyncShutdown.sys.mjs:587:17\n","nativeSavedFrame":{}}
    - message = 
    - name = 
    - result = 2152071198
    - stack = open@resource://gre/modules/ServiceRequest.sys.mjs:126:11|fetch/<@resource://services-settings/Utils.sys.mjs:284:15|fetch@resource://services-settings/Utils.sys.mjs:235:12|fetchLatestChanges@resource://services-settings/Utils.sys.mjs:446:34|sync@resource://services-settings/RemoteSettingsClient.sys.mjs:658:42|get/this._importingPromise<@resource://services-settings/RemoteSettingsClient.sys.mjs:496:28|observe@resource://gre/modules/AsyncShutdown.sys.mjs:587:17|
  - prototype Object
console.error: services.settings: 
Object
  - prototype Object
    - columnNumber = 11
    - data = null
    - filename = resource://gre/modules/ServiceRequest.sys.mjs
    - lineNumber = 126
    - location = {"name":"open","filename":"resource://gre/modules/ServiceRequest.sys.mjs","sourceId":27,"lineNumber":126,"columnNumber":11,"asyncCause":null,"asyncCaller":null,"caller":{"filename":"resource://services-settings/Utils.sys.mjs","name":"fetch/<","sourceId":26,"lineNumber":284,"columnNumber":15,"asyncCause":null,"asyncCaller":null,"caller":{"filename":"resource://services-settings/Utils.sys.mjs","name":"fetch","sourceId":26,"lineNumber":235,"columnNumber":12,"asyncCause":null,"asyncCaller":null,"caller":{"filename":"resource://services-settings/Utils.sys.mjs","name":"fetchLatestChanges","sourceId":26,"lineNumber":446,"columnNumber":34,"asyncCause":null,"asyncCaller":null,"caller":{"filename":"resource://services-settings/RemoteSettingsClient.sys.mjs","name":"sync","sourceId":24,"lineNumber":658,"columnNumber":42,"asyncCause":null,"asyncCaller":null,"caller":{"filename":"resource://services-settings/RemoteSettingsClient.sys.mjs","name":"get/this._importingPromise<","sourceId":24,"lineNumber":496,"columnNumber":28,"asyncCause":null,"asyncCaller":null,"caller":{"filename":"resource://gre/modules/AsyncShutdown.sys.mjs","name":"observe","sourceId":17,"lineNumber":587,"columnNumber":17,"asyncCause":null,"asyncCaller":null,"caller":null,"formattedStack":"observe@resource://gre/modules/AsyncShutdown.sys.mjs:587:17\n","nativeSavedFrame":{}},"formattedStack":"get/this._importingPromise<@resource://services-settings/RemoteSettingsClient.sys.mjs:496:28\nobserve@resource://gre/modules/AsyncShutdown.sys.mjs:587:17\n","nativeSavedFrame":{}},"formattedStack":"sync@resource://services-settings/RemoteSettingsClient.sys.mjs:658:42\nget/this._importingPromise<@resource://services-settings/RemoteSettingsClient.sys.mjs:496:28\nobserve@resource://gre/modules/AsyncShutdown.sys.mjs:587:17\n","nativeSavedFrame":{}},"formattedStack":"fetchLatestChanges@resource://services-settings/Utils.sys.mjs:446:34\nsync@resource://services-settings/RemoteSettingsClient.sys.mjs:658:42\nget/this._importingPromise<@resource://services-settings/RemoteSettingsClient.sys.mjs:496:28\nobserve@resource://gre/modules/AsyncShutdown.sys.mjs:587:17\n","nativeSavedFrame":{}},"formattedStack":"fetch@resource://services-settings/Utils.sys.mjs:235:12\nfetchLatestChanges@resource://services-settings/Utils.sys.mjs:446:34\nsync@resource://services-settings/RemoteSettingsClient.sys.mjs:658:42\nget/this._importingPromise<@resource://services-settings/RemoteSettingsClient.sys.mjs:496:28\nobserve@resource://gre/modules/AsyncShutdown.sys.mjs:587:17\n","nativeSavedFrame":{}},"formattedStack":"fetch/<@resource://services-settings/Utils.sys.mjs:284:15\nfetch@resource://services-settings/Utils.sys.mjs:235:12\nfetchLatestChanges@resource://services-settings/Utils.sys.mjs:446:34\nsync@resource://services-settings/RemoteSettingsClient.sys.mjs:658:42\nget/this._importingPromise<@resource://services-settings/RemoteSettingsClient.sys.mjs:496:28\nobserve@resource://gre/modules/AsyncShutdown.sys.mjs:587:17\n","nativeSavedFrame":{}},"formattedStack":"open@resource://gre/modules/ServiceRequest.sys.mjs:126:11\nfetch/<@resource://services-settings/Utils.sys.mjs:284:15\nfetch@resource://services-settings/Utils.sys.mjs:235:12\nfetchLatestChanges@resource://services-settings/Utils.sys.mjs:446:34\nsync@resource://services-settings/RemoteSettingsClient.sys.mjs:658:42\nget/this._importingPromise<@resource://services-settings/RemoteSettingsClient.sys.mjs:496:28\nobserve@resource://gre/modules/AsyncShutdown.sys.mjs:587:17\n","nativeSavedFrame":{}}
    - message = 
    - name = 
    - result = 2152071198
    - stack = open@resource://gre/modules/ServiceRequest.sys.mjs:126:11|fetch/<@resource://services-settings/Utils.sys.mjs:284:15|fetch@resource://services-settings/Utils.sys.mjs:235:12|fetchLatestChanges@resource://services-settings/Utils.sys.mjs:446:34|sync@resource://services-settings/RemoteSettingsClient.sys.mjs:658:42|get/this._importingPromise<@resource://services-settings/RemoteSettingsClient.sys.mjs:496:28|observe@resource://gre/modules/AsyncShutdown.sys.mjs:587:17|
  - prototype Object
console.error: services.settings: 
Object
  - prototype Object
    - columnNumber = 11
    - data = null
    - filename = resource://gre/modules/ServiceRequest.sys.mjs
    - lineNumber = 126
    - location = {"name":"open","filename":"resource://gre/modules/ServiceRequest.sys.mjs","sourceId":27,"lineNumber":126,"columnNumber":11,"asyncCause":null,"asyncCaller":null,"caller":{"filename":"resource://services-settings/Utils.sys.mjs","name":"fetch/<","sourceId":26,"lineNumber":284,"columnNumber":15,"asyncCause":null,"asyncCaller":null,"caller":{"filename":"resource://services-settings/Utils.sys.mjs","name":"fetch","sourceId":26,"lineNumber":235,"columnNumber":12,"asyncCause":null,"asyncCaller":null,"caller":{"filename":"resource://services-settings/Utils.sys.mjs","name":"fetchLatestChanges","sourceId":26,"lineNumber":446,"columnNumber":34,"asyncCause":null,"asyncCaller":null,"caller":{"filename":"resource://services-settings/RemoteSettingsClient.sys.mjs","name":"sync","sourceId":24,"lineNumber":658,"columnNumber":42,"asyncCause":null,"asyncCaller":null,"caller":{"filename":"resource://services-settings/RemoteSettingsClient.sys.mjs","name":"get/this._importingPromise<","sourceId":24,"lineNumber":496,"columnNumber":28,"asyncCause":null,"asyncCaller":null,"caller":{"filename":"resource://gre/modules/AsyncShutdown.sys.mjs","name":"observe","sourceId":17,"lineNumber":587,"columnNumber":17,"asyncCause":null,"asyncCaller":null,"caller":null,"formattedStack":"observe@resource://gre/modules/AsyncShutdown.sys.mjs:587:17\n","nativeSavedFrame":{}},"formattedStack":"get/this._importingPromise<@resource://services-settings/RemoteSettingsClient.sys.mjs:496:28\nobserve@resource://gre/modules/AsyncShutdown.sys.mjs:587:17\n","nativeSavedFrame":{}},"formattedStack":"sync@resource://services-settings/RemoteSettingsClient.sys.mjs:658:42\nget/this._importingPromise<@resource://services-settings/RemoteSettingsClient.sys.mjs:496:28\nobserve@resource://gre/modules/AsyncShutdown.sys.mjs:587:17\n","nativeSavedFrame":{}},"formattedStack":"fetchLatestChanges@resource://services-settings/Utils.sys.mjs:446:34\nsync@resource://services-settings/RemoteSettingsClient.sys.mjs:658:42\nget/this._importingPromise<@resource://services-settings/RemoteSettingsClient.sys.mjs:496:28\nobserve@resource://gre/modules/AsyncShutdown.sys.mjs:587:17\n","nativeSavedFrame":{}},"formattedStack":"fetch@resource://services-settings/Utils.sys.mjs:235:12\nfetchLatestChanges@resource://services-settings/Utils.sys.mjs:446:34\nsync@resource://services-settings/RemoteSettingsClient.sys.mjs:658:42\nget/this._importingPromise<@resource://services-settings/RemoteSettingsClient.sys.mjs:496:28\nobserve@resource://gre/modules/AsyncShutdown.sys.mjs:587:17\n","nativeSavedFrame":{}},"formattedStack":"fetch/<@resource://services-settings/Utils.sys.mjs:284:15\nfetch@resource://services-settings/Utils.sys.mjs:235:12\nfetchLatestChanges@resource://services-settings/Utils.sys.mjs:446:34\nsync@resource://services-settings/RemoteSettingsClient.sys.mjs:658:42\nget/this._importingPromise<@resource://services-settings/RemoteSettingsClient.sys.mjs:496:28\nobserve@resource://gre/modules/AsyncShutdown.sys.mjs:587:17\n","nativeSavedFrame":{}},"formattedStack":"open@resource://gre/modules/ServiceRequest.sys.mjs:126:11\nfetch/<@resource://services-settings/Utils.sys.mjs:284:15\nfetch@resource://services-settings/Utils.sys.mjs:235:12\nfetchLatestChanges@resource://services-settings/Utils.sys.mjs:446:34\nsync@resource://services-settings/RemoteSettingsClient.sys.mjs:658:42\nget/this._importingPromise<@resource://services-settings/RemoteSettingsClient.sys.mjs:496:28\nobserve@resource://gre/modules/AsyncShutdown.sys.mjs:587:17\n","nativeSavedFrame":{}}
    - message = 
    - name = 
    - result = 2152071198
    - stack = open@resource://gre/modules/ServiceRequest.sys.mjs:126:11|fetch/<@resource://services-settings/Utils.sys.mjs:284:15|fetch@resource://services-settings/Utils.sys.mjs:235:12|fetchLatestChanges@resource://services-settings/Utils.sys.mjs:446:34|sync@resource://services-settings/RemoteSettingsClient.sys.mjs:658:42|get/this._importingPromise<@resource://services-settings/RemoteSettingsClient.sys.mjs:496:28|observe@resource://gre/modules/AsyncShutdown.sys.mjs:587:17|
  - prototype Object
console.error: services.settings: 
Object
  - prototype Object
    - columnNumber = 11
    - data = null
    - filename = resource://gre/modules/ServiceRequest.sys.mjs
    - lineNumber = 126
    - location = {"name":"open","filename":"resource://gre/modules/ServiceRequest.sys.mjs","sourceId":27,"lineNumber":126,"columnNumber":11,"asyncCause":null,"asyncCaller":null,"caller":{"filename":"resource://services-settings/Utils.sys.mjs","name":"fetch/<","sourceId":26,"lineNumber":284,"columnNumber":15,"asyncCause":null,"asyncCaller":null,"caller":{"filename":"resource://services-settings/Utils.sys.mjs","name":"fetch","sourceId":26,"lineNumber":235,"columnNumber":12,"asyncCause":null,"asyncCaller":null,"caller":{"filename":"resource://services-settings/Utils.sys.mjs","name":"fetchLatestChanges","sourceId":26,"lineNumber":446,"columnNumber":34,"asyncCause":null,"asyncCaller":null,"caller":{"filename":"resource://services-settings/RemoteSettingsClient.sys.mjs","name":"sync","sourceId":24,"lineNumber":658,"columnNumber":42,"asyncCause":null,"asyncCaller":null,"caller":{"filename":"resource://services-settings/RemoteSettingsClient.sys.mjs","name":"get/this._importingPromise<","sourceId":24,"lineNumber":496,"columnNumber":28,"asyncCause":null,"asyncCaller":null,"caller":{"filename":"resource://gre/modules/AsyncShutdown.sys.mjs","name":"observe","sourceId":17,"lineNumber":587,"columnNumber":17,"asyncCause":null,"asyncCaller":null,"caller":null,"formattedStack":"observe@resource://gre/modules/AsyncShutdown.sys.mjs:587:17\n","nativeSavedFrame":{}},"formattedStack":"get/this._importingPromise<@resource://services-settings/RemoteSettingsClient.sys.mjs:496:28\nobserve@resource://gre/modules/AsyncShutdown.sys.mjs:587:17\n","nativeSavedFrame":{}},"formattedStack":"sync@resource://services-settings/RemoteSettingsClient.sys.mjs:658:42\nget/this._importingPromise<@resource://services-settings/RemoteSettingsClient.sys.mjs:496:28\nobserve@resource://gre/modules/AsyncShutdown.sys.mjs:587:17\n","nativeSavedFrame":{}},"formattedStack":"fetchLatestChanges@resource://services-settings/Utils.sys.mjs:446:34\nsync@resource://services-settings/RemoteSettingsClient.sys.mjs:658:42\nget/this._importingPromise<@resource://services-settings/RemoteSettingsClient.sys.mjs:496:28\nobserve@resource://gre/modules/AsyncShutdown.sys.mjs:587:17\n","nativeSavedFrame":{}},"formattedStack":"fetch@resource://services-settings/Utils.sys.mjs:235:12\nfetchLatestChanges@resource://services-settings/Utils.sys.mjs:446:34\nsync@resource://services-settings/RemoteSettingsClient.sys.mjs:658:42\nget/this._importingPromise<@resource://services-settings/RemoteSettingsClient.sys.mjs:496:28\nobserve@resource://gre/modules/AsyncShutdown.sys.mjs:587:17\n","nativeSavedFrame":{}},"formattedStack":"fetch/<@resource://services-settings/Utils.sys.mjs:284:15\nfetch@resource://services-settings/Utils.sys.mjs:235:12\nfetchLatestChanges@resource://services-settings/Utils.sys.mjs:446:34\nsync@resource://services-settings/RemoteSettingsClient.sys.mjs:658:42\nget/this._importingPromise<@resource://services-settings/RemoteSettingsClient.sys.mjs:496:28\nobserve@resource://gre/modules/AsyncShutdown.sys.mjs:587:17\n","nativeSavedFrame":{}},"formattedStack":"open@resource://gre/modules/ServiceRequest.sys.mjs:126:11\nfetch/<@resource://services-settings/Utils.sys.mjs:284:15\nfetch@resource://services-settings/Utils.sys.mjs:235:12\nfetchLatestChanges@resource://services-settings/Utils.sys.mjs:446:34\nsync@resource://services-settings/RemoteSettingsClient.sys.mjs:658:42\nget/this._importingPromise<@resource://services-settings/RemoteSettingsClient.sys.mjs:496:28\nobserve@resource://gre/modules/AsyncShutdown.sys.mjs:587:17\n","nativeSavedFrame":{}}
    - message = 
    - name = 
    - result = 2152071198
    - stack = open@resource://gre/modules/ServiceRequest.sys.mjs:126:11|fetch/<@resource://services-settings/Utils.sys.mjs:284:15|fetch@resource://services-settings/Utils.sys.mjs:235:12|fetchLatestChanges@resource://services-settings/Utils.sys.mjs:446:34|sync@resource://services-settings/RemoteSettingsClient.sys.mjs:658:42|get/this._importingPromise<@resource://services-settings/RemoteSettingsClient.sys.mjs:496:28|observe@resource://gre/modules/AsyncShutdown.sys.mjs:587:17|
  - prototype Object
console.error: RSLoader: 
  Failed to retrieve recipes from Remote Settings
  Message: Error: Could not sync nimbus-desktop-experiments: get-exception
  Stack:
    RemoteSettingsSyncError@resource://nimbus/lib/RemoteSettingsExperimentLoader.sys.mjs:1361:5
getRecipesFromCollection@resource://nimbus/lib/RemoteSettingsExperimentLoader.sys.mjs:645:13
observe@resource://gre/modules/AsyncShutdown.sys.mjs:587:17

